<?xml version="1.0" encoding="UTF-8"?>
<!-- Generated by org.testng.reporters.JUnitXMLReporter -->
<testsuite hostname="WACDTL02AB461W-" ignored="0" name="Default test" tests="5" failures="0" timestamp="13 Jul 2018 08:57:13 GMT" time="53.452" errors="0">
  <testcase name="loginTitleTest" time="0.026" classname="com.guru.qa.Testcases.LoginGuruTest"/>
  <testcase name="loginTest" time="5.504" classname="com.guru.qa.Testcases.LoginGuruTest"/>
  <testcase name="loginTest" time="5.324" classname="com.guru.qa.Testcases.LoginGuruTest"/>
  <testcase name="loginTest" time="5.343" classname="com.guru.qa.Testcases.LoginGuruTest"/>
  <testcase name="loginTest" time="5.403" classname="com.guru.qa.Testcases.LoginGuruTest"/>
</testsuite> <!-- Default test -->
