<?xml version="1.0" encoding="UTF-8"?>
<testng-results skipped="0" failed="0" ignored="0" total="2" passed="2">
  <reporter-output>
  </reporter-output>
  <suite name="Default suite" duration-ms="18490" started-at="2018-07-11T23:05:22Z" finished-at="2018-07-11T23:05:41Z">
    <groups>
    </groups>
    <test name="Default test" duration-ms="18490" started-at="2018-07-11T23:05:22Z" finished-at="2018-07-11T23:05:41Z">
      <class name="com.guru.qa.Testcases.LoginGuruTest">
        <test-method status="PASS" signature="setUP()[pri:0, instance:com.guru.qa.Testcases.LoginGuruTest@604ed9f0]" name="setUP" is-config="true" duration-ms="7214" started-at="2018-07-11T23:05:22Z" finished-at="2018-07-11T23:05:29Z">
          <reporter-output>
          </reporter-output>
        </test-method> <!-- setUP -->
        <test-method status="PASS" signature="loginTitleTest()[pri:1, instance:com.guru.qa.Testcases.LoginGuruTest@604ed9f0]" name="loginTitleTest" duration-ms="21" started-at="2018-07-11T23:05:29Z" finished-at="2018-07-11T23:05:29Z">
          <reporter-output>
          </reporter-output>
        </test-method> <!-- loginTitleTest -->
        <test-method status="PASS" signature="tearDown()[pri:0, instance:com.guru.qa.Testcases.LoginGuruTest@604ed9f0]" name="tearDown" is-config="true" duration-ms="324" started-at="2018-07-11T23:05:29Z" finished-at="2018-07-11T23:05:30Z">
          <reporter-output>
          </reporter-output>
        </test-method> <!-- tearDown -->
        <test-method status="PASS" signature="setUP()[pri:0, instance:com.guru.qa.Testcases.LoginGuruTest@604ed9f0]" name="setUP" is-config="true" duration-ms="5260" started-at="2018-07-11T23:05:30Z" finished-at="2018-07-11T23:05:35Z">
          <reporter-output>
          </reporter-output>
        </test-method> <!-- setUP -->
        <test-method status="PASS" signature="loginTest()[pri:2, instance:com.guru.qa.Testcases.LoginGuruTest@604ed9f0]" name="loginTest" duration-ms="5312" started-at="2018-07-11T23:05:35Z" finished-at="2018-07-11T23:05:40Z">
          <reporter-output>
          </reporter-output>
        </test-method> <!-- loginTest -->
        <test-method status="PASS" signature="tearDown()[pri:0, instance:com.guru.qa.Testcases.LoginGuruTest@604ed9f0]" name="tearDown" is-config="true" duration-ms="316" started-at="2018-07-11T23:05:40Z" finished-at="2018-07-11T23:05:41Z">
          <reporter-output>
          </reporter-output>
        </test-method> <!-- tearDown -->
      </class> <!-- com.guru.qa.Testcases.LoginGuruTest -->
    </test> <!-- Default test -->
  </suite> <!-- Default suite -->
</testng-results>
